[debug] [2019-04-20T19:32:14.130Z] ----------------------------------------------------------------------
[debug] [2019-04-20T19:32:14.134Z] Command:       C:\Program Files\nodejs\node.exe C:\Users\Sirik\AppData\Roaming\npm\node_modules\firebase-tools\lib\bin\firebase.js deploy
[debug] [2019-04-20T19:32:14.134Z] CLI Version:   6.7.0
[debug] [2019-04-20T19:32:14.134Z] Platform:      win32
[debug] [2019-04-20T19:32:14.134Z] Node Version:  v11.14.0
[debug] [2019-04-20T19:32:14.136Z] Time:          Sun Apr 21 2019 02:32:14 GMT+0700 (GMT+07:00)
[debug] [2019-04-20T19:32:14.136Z] ----------------------------------------------------------------------
[debug] 
[debug] [2019-04-20T19:32:14.149Z] > command requires scopes: ["email","openid","https://www.googleapis.com/auth/cloudplatformprojects.readonly","https://www.googleapis.com/auth/firebase","https://www.googleapis.com/auth/cloud-platform"]
[debug] [2019-04-20T19:32:14.150Z] > authorizing via signed-in user
[debug] [2019-04-20T19:32:14.150Z] [iam] checking project movie-ticket-a8a41 for permissions ["firebase.projects.get","firebasehosting.sites.update"]
[debug] [2019-04-20T19:32:14.152Z] >>> HTTP REQUEST POST https://cloudresourcemanager.googleapis.com/v1/projects/movie-ticket-a8a41:testIamPermissions  

[debug] [2019-04-20T19:32:24.548Z] Error: Client network socket disconnected before secure TLS connection was established
    at TLSSocket.onConnectEnd (_tls_wrap.js:1213:19)
    at Object.onceWrapper (events.js:281:20)
    at TLSSocket.emit (events.js:198:15)
    at TLSSocket.EventEmitter.emit (domain.js:481:20)
    at endReadableNT (_stream_readable.js:1139:12)
    at processTicksAndRejections (internal/process/task_queues.js:81:17)
[error] 
[error] Error: Server Error. Client network socket disconnected before secure TLS connection was established
[debug] [2019-04-20T19:51:41.558Z] ----------------------------------------------------------------------
[debug] [2019-04-20T19:51:41.561Z] Command:       C:\Program Files\nodejs\node.exe C:\Users\Sirik\AppData\Roaming\npm\node_modules\firebase-tools\lib\bin\firebase.js deploy
[debug] [2019-04-20T19:51:41.561Z] CLI Version:   6.7.0
[debug] [2019-04-20T19:51:41.561Z] Platform:      win32
[debug] [2019-04-20T19:51:41.561Z] Node Version:  v11.14.0
[debug] [2019-04-20T19:51:41.563Z] Time:          Sun Apr 21 2019 02:51:41 GMT+0700 (GMT+07:00)
[debug] [2019-04-20T19:51:41.563Z] ----------------------------------------------------------------------
[debug] 
[debug] [2019-04-20T19:51:41.578Z] > command requires scopes: ["email","openid","https://www.googleapis.com/auth/cloudplatformprojects.readonly","https://www.googleapis.com/auth/firebase","https://www.googleapis.com/auth/cloud-platform"]
[debug] [2019-04-20T19:51:41.579Z] > authorizing via signed-in user
[debug] [2019-04-20T19:51:41.579Z] [iam] checking project movie-ticket-application for permissions ["firebase.projects.get","firebasehosting.sites.update"]
[debug] [2019-04-20T19:51:41.581Z] >>> HTTP REQUEST POST https://cloudresourcemanager.googleapis.com/v1/projects/movie-ticket-application:testIamPermissions  

[debug] [2019-04-20T19:51:45.303Z] <<< HTTP RESPONSE 200
[debug] [2019-04-20T19:51:45.305Z] >>> HTTP REQUEST GET https://firebase.googleapis.com/v1beta1/projects/movie-ticket-application  
 
